Added Member To Class: ClassName=ESP32WROVER Member=Component C5 Cap Semi
Added Member To Class: ClassName=ESP32WROVER Member=Component C6 Cap Semi
Added Member To Class: ClassName=ESP32WROVER Member=Component C8 Cap Semi
Added Member To Class: ClassName=ESP32WROVER Member=Component C9 Cap Semi
Added Member To Class: ClassName=ESP32WROVER Member=Component C10 Cap Semi
Added Member To Class: ClassName=ESP32WROVER Member=Component C11 Cap Semi
Added Member To Class: ClassName=ESP32WROVER Member=Component D2 LED2
Added Member To Class: ClassName=ESP32WROVER Member=Component D3 MBR0520LT1G
Added Member To Class: ClassName=ESP32WROVER Member=Component J2 MTSW-101-09-G-D-235
Added Member To Class: ClassName=ESP32WROVER Member=Component R4 Res3
Added Member To Class: ClassName=ESP32WROVER Member=Component R8 Res3
Added Member To Class: ClassName=ESP32WROVER Member=Component R9 Res3
Added Member To Class: ClassName=ESP32WROVER Member=Component R10 Res3
Added Member To Class: ClassName=ESP32WROVER Member=Component R12 Res3
Added Member To Class: ClassName=ESP32WROVER Member=Component R13 Res3
Added Member To Class: ClassName=ESP32WROVER Member=Component R14 Res3
Added Member To Class: ClassName=ESP32WROVER Member=Component R15 Res3
Added Member To Class: ClassName=ESP32WROVER Member=Component R16 Res3
Added Member To Class: ClassName=ESP32WROVER Member=Component R17 Res3
Added Member To Class: ClassName=ESP32WROVER Member=Component R18 Res3
Added Member To Class: ClassName=ESP32WROVER Member=Component R21 Res3
Added Member To Class: ClassName=ESP32WROVER Member=Component R23 Res3
Added Member To Class: ClassName=ESP32WROVER Member=Component U3 CP2102-GM
