Removed Pin From Net: NetName=GND Pin=A1-1
Removed Pin From Net: NetName=+3v3 Pin=A1-2
Removed Pin From Net: NetName=NetA1_3 Pin=A1-3
Removed Pin From Net: NetName=GND Pin=A1-15
Removed Pin From Net: NetName=NetA1_25 Pin=A1-25
Removed Pin From Net: NetName=NetA1_36 Pin=A1-36
Removed Pin From Net: NetName=NetA1_37 Pin=A1-37
Removed Pin From Net: NetName=GND Pin=A1-38
Removed Pin From Net: NetName=GND Pin=C7-2
Removed Pin From Net: NetName=Vusb Pin=D1-A
Removed Pin From Net: NetName=+5 Pin=D1-C
Removed Pin From Net: NetName=Vbat Pin=D4-A
Removed Pin From Net: NetName=NetC9_2 Pin=D4-C
Removed Pin From Net: NetName=+3v3 Pin=R11-1
Removed Pin From Net: NetName=NetA1_36 Pin=R11-2
Removed Pin From Net: NetName=+3v3 Pin=R12-1
Removed Pin From Net: NetName=NetA1_37 Pin=R12-2
Removed Pin From Net: NetName=+3v3 Pin=R13-2
Removed Member From Class: ClassName=ESP32WROVER Member=A1
Change Component Footprint: Designator=D4 Old Footprint=DO214AA New Footprint=ONSC-SMB-2-403A-03_H_V
Change Component Footprint: Designator=J1 Old Footprint=GCT_USB3076-XX-X_REVC New Footprint=USB-MICRO-B_V
Change Component Footprint: Designator=U3 Old Footprint=QFN40P300X300X105-24N New Footprint=INSE-QFN-24-1700X1540TP_M
Change Component Footprint: Designator=U1 Old Footprint=QFN50P500X500X100-29N New Footprint=SLAB-QFN-28-3125x3125TP_L
Change Component Footprint: Designator=D1 Old Footprint=SOD3716X135N New Footprint=FP-425-04-IPC_B
Change Component Footprint: Designator=U2 Old Footprint=SOT229P700X180-4N New Footprint=FP-AMS1117-IPC_C
Change Component Footprint: Designator=U5 Old Footprint=SOT230P700X180-4N New Footprint=FP-318H-MFG
Change Component Footprint: Designator=U4 Old Footprint=XDCR_BMP280 New Footprint=FP-BMP280-MFG
Change Component Comment : Designator=J1 Old Comment=USB3076-XX-X_REVC New Comment=105017-0001
Change Managed Component Library Link : Designator=D1 Old VaultGUID= New VaultGUID=B7D15EC3-160A-466F-A46C-7801FE6295A7 Old ItemGUID= New ItemGUID=70C4C25F-21E1-4F9A-A0D5-0D0A20654EF4 Old RevisionGUID= New RevisionGUID=F36F2AD6-C137-4222-9BFA-0C330DD46FF5
Change Managed Component Library Link : Designator=D4 Old VaultGUID= New VaultGUID=B7D15EC3-160A-466F-A46C-7801FE6295A7 Old ItemGUID= New ItemGUID=65DEB971-DB41-410A-9FE5-ED2C9421A9D1 Old RevisionGUID= New RevisionGUID=76C95586-D8A9-476E-9797-28DFE7437524
Change Managed Component Library Link : Designator=J1 Old VaultGUID= New VaultGUID=B7D15EC3-160A-466F-A46C-7801FE6295A7 Old ItemGUID= New ItemGUID=7E2B50FD-2A3B-49F3-A919-DEBD51006B8D Old RevisionGUID= New RevisionGUID=31ACF149-959E-4052-8F65-535A3444434E
Change Managed Component Library Link : Designator=U1 Old VaultGUID= New VaultGUID=B7D15EC3-160A-466F-A46C-7801FE6295A7 Old ItemGUID= New ItemGUID=BDEB42CC-218F-42CB-BEE0-2F374A32E9B8 Old RevisionGUID= New RevisionGUID=74403F10-D6E0-4E91-93F3-AD72849A391E
Change Managed Component Library Link : Designator=U2 Old VaultGUID= New VaultGUID=B7D15EC3-160A-466F-A46C-7801FE6295A7 Old ItemGUID= New ItemGUID=A235AA21-9D40-41CE-AFD5-ED190622537A Old RevisionGUID= New RevisionGUID=3D147F22-7269-42D2-A886-FBED816C16F3
Change Managed Component Library Link : Designator=U3 Old VaultGUID= New VaultGUID=B7D15EC3-160A-466F-A46C-7801FE6295A7 Old ItemGUID= New ItemGUID=5260E4C2-05DE-4162-ADDB-9A1B800C9E47 Old RevisionGUID= New RevisionGUID=78F8846D-FFDB-4527-9C6C-8FB299B2ADA8
Change Managed Component Library Link : Designator=U4 Old VaultGUID= New VaultGUID=B7D15EC3-160A-466F-A46C-7801FE6295A7 Old ItemGUID= New ItemGUID=40416D78-02BA-450B-9152-1BDB9D1070E9 Old RevisionGUID= New RevisionGUID=5A96C97C-4165-4565-9239-F39591E779B5
Change Managed Component Library Link : Designator=U5 Old VaultGUID= New VaultGUID=B7D15EC3-160A-466F-A46C-7801FE6295A7 Old ItemGUID= New ItemGUID=CAB80007-3002-407D-8F59-BB02D59733C7 Old RevisionGUID= New RevisionGUID=10F7EE22-6B3A-468D-85C2-06D8B19F9571
Change component parameters: Designator = "C3" ("C3"); Footprint = "C1206"; UniqueID = "\XQEIIFLR" ("\XQEIIFLR")
Change component parameters (AddParameter): Name = "LatestRevisionDate"; Value = "29-May-2009"; VariantName = "[No Variations]"
Change component parameters (AddParameter): Name = "LatestRevisionNote"; Value = "IPC-7351 Footprint Added."; VariantName = "[No Variations]"
Change component parameters (AddParameter): Name = "PackageDescription"; Value = "Chip Capacitor"; VariantName = "[No Variations]"
Change component parameters (AddParameter): Name = "PackageReference"; Value = "C1206"; VariantName = "[No Variations]"
Change component parameters (AddParameter): Name = "Published"; Value = "8-Jun-2000"; VariantName = "[No Variations]"
Change component parameters (AddParameter): Name = "Publisher"; Value = "Altium Limited"; VariantName = "[No Variations]"
Change component parameters (AddParameter): Name = "Value"; Value = "1nF"; VariantName = "[No Variations]"
Change component parameters: Designator = "C4" ("C4"); Footprint = "C1206"; UniqueID = "\LBQNLSVM" ("\LBQNLSVM")
Change component parameters (AddParameter): Name = "LatestRevisionDate"; Value = "29-May-2009"; VariantName = "[No Variations]"
Change component parameters (AddParameter): Name = "LatestRevisionNote"; Value = "IPC-7351 Footprint Added."; VariantName = "[No Variations]"
Change component parameters (AddParameter): Name = "PackageDescription"; Value = "Chip Capacitor"; VariantName = "[No Variations]"
Change component parameters (AddParameter): Name = "PackageReference"; Value = "C1206"; VariantName = "[No Variations]"
Change component parameters (AddParameter): Name = "Published"; Value = "8-Jun-2000"; VariantName = "[No Variations]"
Change component parameters (AddParameter): Name = "Publisher"; Value = "Altium Limited"; VariantName = "[No Variations]"
Change component parameters (AddParameter): Name = "Value"; Value = "1nF"; VariantName = "[No Variations]"
Change component parameters: Designator = "R4" ("R4"); Footprint = "J1-0603"; UniqueID = "\UAIJEHRW" ("\UAIJEHRW")
Change component parameters (AddParameter): Name = "LatestRevisionDate"; Value = "29-May-2009"; VariantName = "[No Variations]"
Change component parameters (AddParameter): Name = "LatestRevisionNote"; Value = "IPC-7351 Footprint Added."; VariantName = "[No Variations]"
Change component parameters (AddParameter): Name = "PackageDescription"; Value = "Chip Resistor"; VariantName = "[No Variations]"
Change component parameters (AddParameter): Name = "PackageReference"; Value = "J1-0603"; VariantName = "[No Variations]"
Change component parameters (AddParameter): Name = "Published"; Value = "8-Jun-2000"; VariantName = "[No Variations]"
Change component parameters (AddParameter): Name = "Publisher"; Value = "Altium Limited"; VariantName = "[No Variations]"
Change component parameters (AddParameter): Name = "Value"; Value = "5K"; VariantName = "[No Variations]"
Change component parameters: Designator = "U4" ("U4"); Footprint = "XDCR_BMP280"; UniqueID = "\TNTUQXTX" ("\TNTUQXTX")
Change component parameters (AddParameter): Name = "Case/Package"; Value = "SMD/SMT"; VariantName = "[No Variations]"
Change component parameters (AddParameter): Name = "Lead Free"; Value = "Lead Free"; VariantName = "[No Variations]"
Change component parameters (AddParameter): Name = "Max Operating Temperature"; Value = "85°C"; VariantName = "[No Variations]"
Change component parameters (AddParameter): Name = "Max Pressure"; Value = "290.08PSI"; VariantName = "[No Variations]"
Change component parameters (AddParameter): Name = "Min Operating Temperature"; Value = "-40°C"; VariantName = "[No Variations]"
Change component parameters (AddParameter): Name = "Number of Pins"; Value = "8"; VariantName = "[No Variations]"
Change component parameters (AddParameter): Name = "Operating Pressure"; Value = "15.95PSI"; VariantName = "[No Variations]"
Change component parameters (AddParameter): Name = "Output Type"; Value = "SPI"; VariantName = "[No Variations]"
Change component parameters (AddParameter): Name = "Port Style"; Value = "No Port"; VariantName = "[No Variations]"
Change component parameters (AddParameter): Name = "Pressure Type"; Value = "Absolute"; VariantName = "[No Variations]"
Change component parameters (AddParameter): Name = "Termination"; Value = "SMD/SMT"; VariantName = "[No Variations]"
Change component parameters: Designator = "U3" ("U3"); Footprint = "QFN40P300X300X105-24N"; UniqueID = "\ZGFNTVTC" ("\ZGFNTVTC")
Change component parameters (AddParameter): Name = "Case/Package"; Value = "QFN"; VariantName = "[No Variations]"
Change component parameters (AddParameter): Name = "Datasheet URL"; Value = "http://datasheet.octopart.com/MPU-9250-InvenSense-datasheet-21859386.pdf"; VariantName = "[No Variations]"
Change component parameters (AddParameter): Name = "Datasheet Version"; Value = "Rev. 1.0, 01/2014"; VariantName = "[No Variations]"
Change component parameters (AddParameter): Name = "Height"; Value = "1mm"; VariantName = "[No Variations]"
Change component parameters (AddParameter): Name = "Length"; Value = "3.1mm"; VariantName = "[No Variations]"
Change component parameters (AddParameter): Name = "Manufacturer"; Value = "InvenSense"; VariantName = "[No Variations]"
Change component parameters (AddParameter): Name = "Manufacturer URL"; Value = "http://www.invensense.com/"; VariantName = "[No Variations]"
Change component parameters (AddParameter): Name = "Max Operating Temperature"; Value = "85degC"; VariantName = "[No Variations]"
Change component parameters (AddParameter): Name = "Max Supply Voltage"; Value = "3.6V"; VariantName = "[No Variations]"
Change component parameters (AddParameter): Name = "Min Operating Temperature"; Value = "-40degC"; VariantName = "[No Variations]"
Change component parameters (AddParameter): Name = "Min Supply Voltage"; Value = "2.4V"; VariantName = "[No Variations]"
Change component parameters (AddParameter): Name = "Mount"; Value = "SurfaceMount"; VariantName = "[No Variations]"
Change component parameters (AddParameter): Name = "Package Description"; Value = "24-Pin Quad Flat No-lead Package, Body 3 x 3 mm, Pitch 0.4 mm"; VariantName = "[No Variations]"
Change component parameters (AddParameter): Name = "Package Quantity"; Value = "1"; VariantName = "[No Variations]"
Change component parameters (AddParameter): Name = "Package Reference"; Value = "QFN-24"; VariantName = "[No Variations]"
Change component parameters (AddParameter): Name = "RoHSCompliant"; Value = "true"; VariantName = "[No Variations]"
Change component parameters (AddParameter): Name = "Width"; Value = "3.1mm"; VariantName = "[No Variations]"
Change component parameters: Designator = "U1" ("U1"); Footprint = "QFN50P500X500X100-29N"; UniqueID = "\NCJXYOYK" ("\NCJXYOYK")
Change component parameters (AddParameter): Name = "Code_JEDEC"; Value = "MO-220"; VariantName = "[No Variations]"
Change component parameters (AddParameter): Name = "Code_IPC"; Value = "J-STD-020C"; VariantName = "[No Variations]"
Change component parameters (AddParameter): Name = "ComponentLink1Description"; Value = "Manufacturer URL"; VariantName = "[No Variations]"
Change component parameters (AddParameter): Name = "ComponentLink1URL"; Value = "http://www.silabs.com/"; VariantName = "[No Variations]"
Change component parameters (AddParameter): Name = "ComponentLink2Description"; Value = "Datasheet"; VariantName = "[No Variations]"
Change component parameters (AddParameter): Name = "ComponentLink2URL"; Value = "http://www.silabs.com/Support%20Documents/TechnicalDocs/CP2102-9.pdf"; VariantName = "[No Variations]"
Change component parameters (AddParameter): Name = "ComponentLink3Description"; Value = "Package Specification"; VariantName = "[No Variations]"
Change component parameters (AddParameter): Name = "ComponentLink3URL"; Value = "http://www.silabs.com/Support%20Documents/TechnicalDocs/C8051T61x.pdf"; VariantName = "[No Variations]"
Change component parameters (AddParameter): Name = "DatasheetVersion"; Value = "Rev. 1.5"; VariantName = "[No Variations]"
Change component parameters (AddParameter): Name = "EEPROM"; Value = "1024 Bytes"; VariantName = "[No Variations]"
Change component parameters (AddParameter): Name = "Manufacturer"; Value = "Silicon Labs"; VariantName = "[No Variations]"
Change component parameters (AddParameter): Name = "Mounting Technology"; Value = "Surface Mount"; VariantName = "[No Variations]"
Change component parameters (AddParameter): Name = "PackageDescription"; Value = "28-Pin Quad-Flat No-Leads Package, Body 5 x 5 mm, Pitch 0.5 mm"; VariantName = "[No Variations]"
Change component parameters (AddParameter): Name = "PackageReference"; Value = "QFN-28"; VariantName = "[No Variations]"
Change component parameters (AddParameter): Name = "PartNumber"; Value = "CP2102-GM"; VariantName = "[No Variations]"
Change component parameters (AddParameter): Name = "Sub-Family"; Value = "USB Bridges"; VariantName = "[No Variations]"
Change component parameters (AddParameter): Name = "Internal Oscillator"; Value = "TRUE"; VariantName = "[No Variations]"
Change component parameters: Designator = "D4" ("D4"); Footprint = "DO214AA"; UniqueID = "\QWRZDRZC" ("\QWRZDRZC")
Change component parameters (AddParameter): Name = "ComponentLink1Description"; Value = "Manufacturer URL"; VariantName = "[No Variations]"
Change component parameters (AddParameter): Name = "ComponentLink1URL"; Value = "http://www.onsemi.com/"; VariantName = "[No Variations]"
Change component parameters (AddParameter): Name = "ComponentLink2Description"; Value = "Datasheet"; VariantName = "[No Variations]"
Change component parameters (AddParameter): Name = "ComponentLink2URL"; Value = "http://www.onsemi.cn/pub_link/Collateral/MBRS120T3-D.PDF"; VariantName = "[No Variations]"
Change component parameters (AddParameter): Name = "ComponentLink3Description"; Value = "Package Specification"; VariantName = "[No Variations]"
Change component parameters (AddParameter): Name = "ComponentLink3URL"; Value = "http://www.onsemi.com/pub_link/Collateral/1SMB5913BT3-D.PDF"; VariantName = "[No Variations]"
Change component parameters (AddParameter): Name = "Configuration"; Value = "Single"; VariantName = "[No Variations]"
Change component parameters (AddParameter): Name = "DatasheetVersion"; Value = "Rev. 7"; VariantName = "[No Variations]"
Change component parameters (AddParameter): Name = "Manufacturer"; Value = "On Semiconductor"; VariantName = "[No Variations]"
Change component parameters (AddParameter): Name = "Mounting Technology"; Value = "Surface Mount"; VariantName = "[No Variations]"
Change component parameters (AddParameter): Name = "PackageDescription"; Value = "2-Pin Small Molded Package, J-Bend Lead, Body 4.33 x 3.625 mm"; VariantName = "[No Variations]"
Change component parameters (AddParameter): Name = "PackageReference"; Value = "SMB-2-403A-03_H"; VariantName = "[No Variations]"
Change component parameters (AddParameter): Name = "PackageVersion"; Value = "Rev. H, 05/2011"; VariantName = "[No Variations]"
Change component parameters (AddParameter): Name = "Packing"; Value = "Tape and Reel"; VariantName = "[No Variations]"
Change component parameters (AddParameter): Name = "PartNumber"; Value = "MBRS120T3"; VariantName = "[No Variations]"
Change component parameters (AddParameter): Name = "RoHS"; Value = "FALSE"; VariantName = "[No Variations]"
Change component parameters (AddParameter): Name = "IFSM Max (A)"; Value = "40"; VariantName = "[No Variations]"
Change component parameters: Designator = "U2" ("U2"); Footprint = "SOT229P700X180-4N"; UniqueID = "\OHFMSFIT" ("\OHFMSFIT")
Change component parameters (AddParameter): Name = "Automotive"; Value = "No"; VariantName = "[No Variations]"
Change component parameters (AddParameter): Name = "Category"; Value = "IC"; VariantName = "[No Variations]"
Change component parameters (AddParameter): Name = "ComponentLink2Description"; Value = "Datasheet"; VariantName = "[No Variations]"
Change component parameters (AddParameter): Name = "ComponentLink2URL"; Value = "http://www.advanced-monolithic.com/pdf/ds1117.pdf"; VariantName = "[No Variations]"
Change component parameters (AddParameter): Name = "Device Class L1"; Value = "Integrated Circuits (ICs)"; VariantName = "[No Variations]"
Change component parameters (AddParameter): Name = "Device Class L2"; Value = "Power Management ICs"; VariantName = "[No Variations]"
Change component parameters (AddParameter): Name = "Device Class L3"; Value = "Voltage Regulators - Linear"; VariantName = "[No Variations]"
Change component parameters (AddParameter): Name = "Dropout Voltage"; Value = "1.1V"; VariantName = "[No Variations]"
Change component parameters (AddParameter): Name = "Height"; Value = "1.8mm"; VariantName = "[No Variations]"
Change component parameters (AddParameter): Name = "Lead Free"; Value = "Yes"; VariantName = "[No Variations]"
Change component parameters (AddParameter): Name = "Manufacturer"; Value = "Advanced Monolithic Systems"; VariantName = "[No Variations]"
Change component parameters (AddParameter): Name = "Manufacturer Part Number"; Value = "AMS1117-3.3"; VariantName = "[No Variations]"
Change component parameters (AddParameter): Name = "Max Junction Temp"; Value = "+125°C"; VariantName = "[No Variations]"
Change component parameters (AddParameter): Name = "Max Power Dissipation"; Value = "1.2W"; VariantName = "[No Variations]"
Change component parameters (AddParameter): Name = "Max Supply Voltage"; Value = "15V"; VariantName = "[No Variations]"
Change component parameters (AddParameter): Name = "Nominal Supply Current"; Value = "5mA"; VariantName = "[No Variations]"
Change component parameters (AddParameter): Name = "Number Of Outputs"; Value = "1"; VariantName = "[No Variations]"
Change component parameters (AddParameter): Name = "Octopart"; Value = "https://octopart.com/ams1117-3.3-advanced+monolithic+systems-25899300"; VariantName = "[No Variations]"
Change component parameters (AddParameter): Name = "Output Current"; Value = "1A"; VariantName = "[No Variations]"
Change component parameters (AddParameter): Name = "Output Type"; Value = "Fixed"; VariantName = "[No Variations]"
Change component parameters (AddParameter): Name = "Output Voltage"; Value = "3.3V"; VariantName = "[No Variations]"
Change component parameters (AddParameter): Name = "Package"; Value = "AMS1117"; VariantName = "[No Variations]"
Change component parameters (AddParameter): Name = "RoHS"; Value = "TRUE"; VariantName = "[No Variations]"
Change component parameters (AddParameter): Name = "Standoff Height"; Value = "0.64mm"; VariantName = "[No Variations]"
Change component parameters (AddParameter): Name = "Temperature"; Value = "-40°C to +125°C"; VariantName = "[No Variations]"
Change component parameters (AddParameter): Name = "Temperature Range High"; Value = "+125°C"; VariantName = "[No Variations]"
Change component parameters (AddParameter): Name = "Temperature Range Low"; Value = "-40°C"; VariantName = "[No Variations]"
Change component parameters (AddParameter): Name = "Ipc Land Pattern Name"; Value = "SOT229P700X180-4"; VariantName = "[No Variations]"
Change component parameters: Designator = "D1" ("D1"); Footprint = "SOD3716X135N"; UniqueID = "\CJQQYMME" ("\CJQQYMME")
Change component parameters (AddParameter): Name = "Average Rectified Current"; Value = "500mA"; VariantName = "[No Variations]"
Change component parameters (AddParameter): Name = "Case/Package"; Value = "SOD-123-2"; VariantName = "[No Variations]"
Change component parameters (AddParameter): Name = "Contact Plating"; Value = "Tin"; VariantName = "[No Variations]"
Change component parameters (AddParameter): Name = "Current Rating"; Value = "500mA"; VariantName = "[No Variations]"
Change component parameters (AddParameter): Name = "Element Configuration"; Value = "Single"; VariantName = "[No Variations]"
Change component parameters (AddParameter): Name = "Forward Current"; Value = "500mA"; VariantName = "[No Variations]"
Change component parameters (AddParameter): Name = "Forward Voltage"; Value = "385mV"; VariantName = "[No Variations]"
Change component parameters (AddParameter): Name = "Height"; Value = "1.12mm"; VariantName = "[No Variations]"
Change component parameters (AddParameter): Name = "Lead Free"; Value = "Lead Free"; VariantName = "[No Variations]"
Change component parameters (AddParameter): Name = "Length"; Value = "2.69mm"; VariantName = "[No Variations]"
Change component parameters (AddParameter): Name = "Max Forward Surge Current (Ifsm)"; Value = "5.5A"; VariantName = "[No Variations]"
Change component parameters (AddParameter): Name = "Max Operating Temperature"; Value = "125°C"; VariantName = "[No Variations]"
Change component parameters (AddParameter): Name = "Max Repetitive Reverse Voltage (Vrrm)"; Value = "20V"; VariantName = "[No Variations]"
Change component parameters (AddParameter): Name = "Max Reverse Leakage Current"; Value = "250uA"; VariantName = "[No Variations]"
Change component parameters (AddParameter): Name = "Max Reverse Voltage (DC)"; Value = "20V"; VariantName = "[No Variations]"
Change component parameters (AddParameter): Name = "Max Surge Current"; Value = "5.5A"; VariantName = "[No Variations]"
Change component parameters (AddParameter): Name = "Min Operating Temperature"; Value = "-65°C"; VariantName = "[No Variations]"
Change component parameters (AddParameter): Name = "Number of Pins"; Value = "2"; VariantName = "[No Variations]"
Change component parameters (AddParameter): Name = "Output Current"; Value = "500mA"; VariantName = "[No Variations]"
Change component parameters (AddParameter): Name = "Package Quantity"; Value = "3000"; VariantName = "[No Variations]"
Change component parameters (AddParameter): Name = "Packaging"; Value = "Tape and Reel"; VariantName = "[No Variations]"
Change component parameters (AddParameter): Name = "Peak Non-Repetitive Surge Current"; Value = "5.5A"; VariantName = "[No Variations]"
Change component parameters (AddParameter): Name = "Peak Reverse Current"; Value = "250uA"; VariantName = "[No Variations]"
Change component parameters (AddParameter): Name = "Polarity"; Value = "Standard"; VariantName = "[No Variations]"
Change component parameters (AddParameter): Name = "Radiation Hardening"; Value = "No"; VariantName = "[No Variations]"
Change component parameters (AddParameter): Name = "REACH SVHC"; Value = "No SVHC"; VariantName = "[No Variations]"
Change component parameters (AddParameter): Name = "Termination"; Value = "SMD/SMT"; VariantName = "[No Variations]"
Change component parameters (AddParameter): Name = "Voltage Rating (DC)"; Value = "20V"; VariantName = "[No Variations]"
Change component parameters (AddParameter): Name = "Width"; Value = "1.6mm"; VariantName = "[No Variations]"
Change component parameters: Designator = "J1" ("J1"); Footprint = "GCT_USB3076-XX-X_REVC"; UniqueID = "\PHRNFIXP" ("\PHRNFIXP")
Change component parameters (AddParameter): Name = "3D Model"; Value = "105017-0001.stp"; VariantName = "[No Variations]"
Change component parameters (AddParameter): Name = "Catalog Drawings"; Value = "1050170001"; VariantName = "[No Variations]"
Change component parameters (AddParameter): Name = "Category"; Value = "Connectors,Interconnects"; VariantName = "[No Variations]"
Change component parameters (AddParameter): Name = "Circuits"; Value = "5"; VariantName = "[No Variations]"
Change component parameters (AddParameter): Name = "Connector Type"; Value = "USB-microB"; VariantName = "[No Variations]"
Change component parameters (AddParameter): Name = "Datasheet URL"; Value = "http://www.molex.com/elqNow/elqRedir.htm?ref=http://www.molex.com/webdocs/datasheets/pdf/en-us/1050170001_IO_CONNECTORS.pdf"; VariantName = "[No Variations]"
Change component parameters (AddParameter): Name = "Datasheet Version"; Value = "03/2016"; VariantName = "[No Variations]"
Change component parameters (AddParameter): Name = "Family"; Value = "USB,DVI,HDMIConnectors"; VariantName = "[No Variations]"
Change component parameters (AddParameter): Name = "Featured Product"; Value = "Micro-USBConnectorsUSBConnectors"; VariantName = "[No Variations]"
Change component parameters (AddParameter): Name = "Features"; Value = "Shielded,SolderRetention"; VariantName = "[No Variations]"
Change component parameters (AddParameter): Name = "Gender"; Value = "Receptacle"; VariantName = "[No Variations]"
Change component parameters (AddParameter): Name = "Manufacturer"; Value = "Molex"; VariantName = "[No Variations]"
Change component parameters (AddParameter): Name = "Manufacturer URL"; Value = "http://www.molex.com/"; VariantName = "[No Variations]"
Change component parameters (AddParameter): Name = "Mating Products"; Value = "WM17145-ND-CABLEMICROUSBBTOSTDA1.0MWM17147-ND-CABLEMICROUSBBTOSTDA2.0MWM17146-ND-CABLEMICROUSBBTOSTDA1.5M"; VariantName = "[No Variations]"
Change component parameters (AddParameter): Name = "Mounting Technology"; Value = "SurfaceMount"; VariantName = "[No Variations]"
Change component parameters (AddParameter): Name = "Mounting Type"; Value = "BoardCutout,SurfaceMount,RightAngle"; VariantName = "[No Variations]"
Change component parameters (AddParameter): Name = "Number of Contacts"; Value = "5"; VariantName = "[No Variations]"
Change component parameters (AddParameter): Name = "Online Catalog"; Value = "Molex-MicroUSB"; VariantName = "[No Variations]"
Change component parameters (AddParameter): Name = "Other Names"; Value = "WM1399DKR"; VariantName = "[No Variations]"
Change component parameters (AddParameter): Name = "Package Description"; Value = "5-Leads USB, Micro B, Body 7.5 x 5 mm, Pitch 0.65 mm"; VariantName = "[No Variations]"
Change component parameters (AddParameter): Name = "Package Reference"; Value = "MICRO-B"; VariantName = "[No Variations]"
Change component parameters (AddParameter): Name = "Package URL"; Value = "http://www.molex.com/pdm_docs/sd/1050170001_sd.pdf"; VariantName = "[No Variations]"
Change component parameters (AddParameter): Name = "Package Version"; Value = "Rev. F, 12/2012"; VariantName = "[No Variations]"
Change component parameters (AddParameter): Name = "Packaging"; Value = "Digi-Reel®"; VariantName = "[No Variations]"
Change component parameters (AddParameter): Name = "PCN Assembly/Origin"; Value = "ResinSupplier21/Oct/2015"; VariantName = "[No Variations]"
Change component parameters (AddParameter): Name = "RoHS Information"; Value = "1050170001CertofCompliance"; VariantName = "[No Variations]"
Change component parameters (AddParameter): Name = "Series"; Value = "-"; VariantName = "[No Variations]"
Change component parameters (AddParameter): Name = "Specifications"; Value = "-"; VariantName = "[No Variations]"
Change component parameters (AddParameter): Name = "Standard Package"; Value = "1"; VariantName = "[No Variations]"
Change component parameters (AddParameter): Name = "Voltage - Max"; Value = "30V"; VariantName = "[No Variations]"
Change component parameters (AddParameter): Name = "Ingress Protection"; Value = "-"; VariantName = "[No Variations]"
Change component parameters: Designator = "U5" ("U5"); Footprint = "SOT230P700X180-4N"; UniqueID = "\XQNJDBFZ" ("\XQNJDBFZ")
Change component parameters (AddParameter): Name = "Accuracy"; Value = "1%"; VariantName = "[No Variations]"
Change component parameters (AddParameter): Name = "Case/Package"; Value = "SOT-223"; VariantName = "[No Variations]"
Change component parameters (AddParameter): Name = "Contact Plating"; Value = "Tin"; VariantName = "[No Variations]"
Change component parameters (AddParameter): Name = "Dropout Voltage"; Value = "1.2V"; VariantName = "[No Variations]"
Change component parameters (AddParameter): Name = "Halogen Free"; Value = "Halogen Free"; VariantName = "[No Variations]"
Change component parameters (AddParameter): Name = "Height"; Value = "1.69mm"; VariantName = "[No Variations]"
Change component parameters (AddParameter): Name = "Lead Free"; Value = "Lead Free"; VariantName = "[No Variations]"
Change component parameters (AddParameter): Name = "Length"; Value = "6.7mm"; VariantName = "[No Variations]"
Change component parameters (AddParameter): Name = "Max Operating Temperature"; Value = "125°C"; VariantName = "[No Variations]"
Change component parameters (AddParameter): Name = "Max Output Current"; Value = "1A"; VariantName = "[No Variations]"
Change component parameters (AddParameter): Name = "Max Input Voltage"; Value = "20V"; VariantName = "[No Variations]"
Change component parameters (AddParameter): Name = "Min Current Limit"; Value = "1A"; VariantName = "[No Variations]"
Change component parameters (AddParameter): Name = "Min Operating Temperature"; Value = "0°C"; VariantName = "[No Variations]"
Change component parameters (AddParameter): Name = "Min Input Voltage"; Value = "3.5V"; VariantName = "[No Variations]"
Change component parameters (AddParameter): Name = "Nominal Output Voltage"; Value = "5V"; VariantName = "[No Variations]"
Change component parameters (AddParameter): Name = "Number of Outputs"; Value = "1"; VariantName = "[No Variations]"
Change component parameters (AddParameter): Name = "Number of Pins"; Value = "4"; VariantName = "[No Variations]"
Change component parameters (AddParameter): Name = "Number of Regulators"; Value = "1"; VariantName = "[No Variations]"
Change component parameters (AddParameter): Name = "Output Current"; Value = "1A"; VariantName = "[No Variations]"
Change component parameters (AddParameter): Name = "Output Type"; Value = "Fixed"; VariantName = "[No Variations]"
Change component parameters (AddParameter): Name = "Output Voltage"; Value = "5V"; VariantName = "[No Variations]"
Change component parameters (AddParameter): Name = "Output Voltage Accuracy"; Value = "1%"; VariantName = "[No Variations]"
Change component parameters (AddParameter): Name = "Package Quantity"; Value = "1"; VariantName = "[No Variations]"
Change component parameters (AddParameter): Name = "Packaging"; Value = "Tape and Reel"; VariantName = "[No Variations]"
Change component parameters (AddParameter): Name = "Polarity"; Value = "Positive"; VariantName = "[No Variations]"
Change component parameters (AddParameter): Name = "Power Rating"; Value = "781mW"; VariantName = "[No Variations]"
Change component parameters (AddParameter): Name = "Quiescent Current"; Value = "10mA"; VariantName = "[No Variations]"
Change component parameters (AddParameter): Name = "Radiation Hardening"; Value = "No"; VariantName = "[No Variations]"
Change component parameters (AddParameter): Name = "REACH SVHC"; Value = "No SVHC"; VariantName = "[No Variations]"
Change component parameters (AddParameter): Name = "RoHS Compliant"; Value = "Yes"; VariantName = "[No Variations]"
Change component parameters (AddParameter): Name = "Tolerance"; Value = "1%"; VariantName = "[No Variations]"
Change component parameters (AddParameter): Name = "Width"; Value = "3.7mm"; VariantName = "[No Variations]"
Change component parameters (AddParameter): Name = "Input Bias Current"; Value = "6mA"; VariantName = "[No Variations]"
Added Component: Designator=C11(C1206)
Add component (AddParameter): Name = "LatestRevisionDate"; Value = "29-May-2009"; VariantName = "[No Variations]"
Add component (AddParameter): Name = "LatestRevisionNote"; Value = "IPC-7351 Footprint Added."; VariantName = "[No Variations]"
Add component (AddParameter): Name = "PackageDescription"; Value = "Chip Capacitor"; VariantName = "[No Variations]"
Add component (AddParameter): Name = "PackageReference"; Value = "C1206"; VariantName = "[No Variations]"
Add component (AddParameter): Name = "Published"; Value = "8-Jun-2000"; VariantName = "[No Variations]"
Add component (AddParameter): Name = "Publisher"; Value = "Altium Limited"; VariantName = "[No Variations]"
Add component (AddParameter): Name = "Value"; Value = "1uF"; VariantName = "[No Variations]"
Added Component: Designator=C12(C1206)
Add component (AddParameter): Name = "LatestRevisionDate"; Value = "29-May-2009"; VariantName = "[No Variations]"
Add component (AddParameter): Name = "LatestRevisionNote"; Value = "IPC-7351 Footprint Added."; VariantName = "[No Variations]"
Add component (AddParameter): Name = "PackageDescription"; Value = "Chip Capacitor"; VariantName = "[No Variations]"
Add component (AddParameter): Name = "PackageReference"; Value = "C1206"; VariantName = "[No Variations]"
Add component (AddParameter): Name = "Published"; Value = "8-Jun-2000"; VariantName = "[No Variations]"
Add component (AddParameter): Name = "Publisher"; Value = "Altium Limited"; VariantName = "[No Variations]"
Add component (AddParameter): Name = "Value"; Value = "1uF"; VariantName = "[No Variations]"
Added Component: Designator=MD1(FP-ESP32-WROVER-I-MFG)
Add component (AddParameter): Name = "Automotive"; Value = "No"; VariantName = "[No Variations]"
Add component (AddParameter): Name = "Category"; Value = "UNK"; VariantName = "[No Variations]"
Add component (AddParameter): Name = "ComponentLink2Description"; Value = "Datasheet"; VariantName = "[No Variations]"
Add component (AddParameter): Name = "ComponentLink2URL"; Value = "https://www.espressif.com/sites/default/files/documentation/esp32-wrover_datasheet_en.pdf"; VariantName = "[No Variations]"
Add component (AddParameter): Name = "Data Rate"; Value = "150Mbits/s"; VariantName = "[No Variations]"
Add component (AddParameter): Name = "Device Class L1"; Value = "Integrated Circuits (ICs)"; VariantName = "[No Variations]"
Add component (AddParameter): Name = "Device Class L2"; Value = "RF Semiconductors and Devices"; VariantName = "[No Variations]"
Add component (AddParameter): Name = "Device Class L3"; Value = "Transceivers"; VariantName = "[No Variations]"
Add component (AddParameter): Name = "Digikey Description"; Value = "SMD MODULE, ESP32-D0WDQ6, 32MBIT"; VariantName = "[No Variations]"
Add component (AddParameter): Name = "Height"; Value = "3.4mm"; VariantName = "[No Variations]"
Add component (AddParameter): Name = "Lead Free"; Value = "Yes"; VariantName = "[No Variations]"
Add component (AddParameter): Name = "Manufacturer"; Value = "Espressif"; VariantName = "[No Variations]"
Add component (AddParameter): Name = "Manufacturer Part Number"; Value = "ESP32-WROVER-I"; VariantName = "[No Variations]"
Add component (AddParameter): Name = "Max Frequency"; Value = "2484MHz"; VariantName = "[No Variations]"
Add component (AddParameter): Name = "Max Supply Voltage"; Value = "3.6V"; VariantName = "[No Variations]"
Add component (AddParameter): Name = "Min Supply Voltage"; Value = "2.3V"; VariantName = "[No Variations]"
Add component (AddParameter): Name = "Nominal Supply Current"; Value = "500mA"; VariantName = "[No Variations]"
Add component (AddParameter): Name = "Number Of Adc Channels"; Value = "16"; VariantName = "[No Variations]"
Add component (AddParameter): Name = "Number Of Gpio"; Value = "20"; VariantName = "[No Variations]"
Add component (AddParameter): Name = "Octopart"; Value = "https://octopart.com/esp32-wrover-i-espressif+systems-89171349"; VariantName = "[No Variations]"
Add component (AddParameter): Name = "Package"; Value = "ESP32-WROVER-I"; VariantName = "[No Variations]"
Add component (AddParameter): Name = "RoHS"; Value = "TRUE"; VariantName = "[No Variations]"
Add component (AddParameter): Name = "Sensitivity"; Value = "-98dBm"; VariantName = "[No Variations]"
Add component (AddParameter): Name = "Temperature"; Value = "-40°C to +85°C"; VariantName = "[No Variations]"
Add component (AddParameter): Name = "Temperature Range High"; Value = "+85°C"; VariantName = "[No Variations]"
Add component (AddParameter): Name = "Temperature Range Low"; Value = "-40°C"; VariantName = "[No Variations]"
Add component (AddParameter): Name = "Interface"; Value = "I2C,SPI,UART,I2S,Other"; VariantName = "[No Variations]"
Added Component: Designator=R19(J1-0603)
Add component (AddParameter): Name = "LatestRevisionDate"; Value = "29-May-2009"; VariantName = "[No Variations]"
Add component (AddParameter): Name = "LatestRevisionNote"; Value = "IPC-7351 Footprint Added."; VariantName = "[No Variations]"
Add component (AddParameter): Name = "PackageDescription"; Value = "Chip Resistor"; VariantName = "[No Variations]"
Add component (AddParameter): Name = "PackageReference"; Value = "J1-0603"; VariantName = "[No Variations]"
Add component (AddParameter): Name = "Published"; Value = "8-Jun-2000"; VariantName = "[No Variations]"
Add component (AddParameter): Name = "Publisher"; Value = "Altium Limited"; VariantName = "[No Variations]"
Add component (AddParameter): Name = "Value"; Value = "10K"; VariantName = "[No Variations]"
Added Component: Designator=R20(J1-0603)
Add component (AddParameter): Name = "LatestRevisionDate"; Value = "29-May-2009"; VariantName = "[No Variations]"
Add component (AddParameter): Name = "LatestRevisionNote"; Value = "IPC-7351 Footprint Added."; VariantName = "[No Variations]"
Add component (AddParameter): Name = "PackageDescription"; Value = "Chip Resistor"; VariantName = "[No Variations]"
Add component (AddParameter): Name = "PackageReference"; Value = "J1-0603"; VariantName = "[No Variations]"
Add component (AddParameter): Name = "Published"; Value = "8-Jun-2000"; VariantName = "[No Variations]"
Add component (AddParameter): Name = "Publisher"; Value = "Altium Limited"; VariantName = "[No Variations]"
Add component (AddParameter): Name = "Value"; Value = "10K"; VariantName = "[No Variations]"
Added Component: Designator=R21(J1-0603)
Add component (AddParameter): Name = "LatestRevisionDate"; Value = "29-May-2009"; VariantName = "[No Variations]"
Add component (AddParameter): Name = "LatestRevisionNote"; Value = "IPC-7351 Footprint Added."; VariantName = "[No Variations]"
Add component (AddParameter): Name = "PackageDescription"; Value = "Chip Resistor"; VariantName = "[No Variations]"
Add component (AddParameter): Name = "PackageReference"; Value = "J1-0603"; VariantName = "[No Variations]"
Add component (AddParameter): Name = "Published"; Value = "8-Jun-2000"; VariantName = "[No Variations]"
Add component (AddParameter): Name = "Publisher"; Value = "Altium Limited"; VariantName = "[No Variations]"
Add component (AddParameter): Name = "Value"; Value = "470"; VariantName = "[No Variations]"
Added Component: Designator=R22(J1-0603)
Add component (AddParameter): Name = "LatestRevisionDate"; Value = "29-May-2009"; VariantName = "[No Variations]"
Add component (AddParameter): Name = "LatestRevisionNote"; Value = "IPC-7351 Footprint Added."; VariantName = "[No Variations]"
Add component (AddParameter): Name = "PackageDescription"; Value = "Chip Resistor"; VariantName = "[No Variations]"
Add component (AddParameter): Name = "PackageReference"; Value = "J1-0603"; VariantName = "[No Variations]"
Add component (AddParameter): Name = "Published"; Value = "8-Jun-2000"; VariantName = "[No Variations]"
Add component (AddParameter): Name = "Publisher"; Value = "Altium Limited"; VariantName = "[No Variations]"
Add component (AddParameter): Name = "Value"; Value = "470"; VariantName = "[No Variations]"
Added Component: Designator=R23(J1-0603)
Add component (AddParameter): Name = "LatestRevisionDate"; Value = "29-May-2009"; VariantName = "[No Variations]"
Add component (AddParameter): Name = "LatestRevisionNote"; Value = "IPC-7351 Footprint Added."; VariantName = "[No Variations]"
Add component (AddParameter): Name = "PackageDescription"; Value = "Chip Resistor"; VariantName = "[No Variations]"
Add component (AddParameter): Name = "PackageReference"; Value = "J1-0603"; VariantName = "[No Variations]"
Add component (AddParameter): Name = "Published"; Value = "8-Jun-2000"; VariantName = "[No Variations]"
Add component (AddParameter): Name = "Publisher"; Value = "Altium Limited"; VariantName = "[No Variations]"
Add component (AddParameter): Name = "Value"; Value = "470"; VariantName = "[No Variations]"
Added Pin To Net: NetName=GND Pin=C7-1
Added Pin To Net: NetName=GND Pin=C11-1
Added Pin To Net: NetName=+3v3 Pin=C11-2
Added Pin To Net: NetName=GND Pin=C12-1
Added Pin To Net: NetName=+5 Pin=C12-2
Added Pin To Net: NetName=+5 Pin=D1-1
Added Pin To Net: NetName=Vusb Pin=D1-2
Added Pin To Net: NetName=NetC9_2 Pin=D4-1
Added Pin To Net: NetName=Vbat Pin=D4-2
Added Pin To Net: NetName=GND Pin=MD1-1
Added Pin To Net: NetName=+3v3 Pin=MD1-2
Added Pin To Net: NetName=NetA1_3 Pin=MD1-3
Added Pin To Net: NetName=GND Pin=MD1-15
Added Pin To Net: NetName=NetA1_25 Pin=MD1-25
Added Pin To Net: NetName=NetA1_36 Pin=MD1-36
Added Pin To Net: NetName=NetA1_37 Pin=MD1-37
Added Pin To Net: NetName=GND Pin=MD1-38
Added Pin To Net: NetName=GND Pin=MD1-39
Added Pin To Net: NetName=NetA1_36 Pin=R11-1
Added Pin To Net: NetName=+3v3 Pin=R11-2
Added Pin To Net: NetName=NetA1_37 Pin=R12-1
Added Pin To Net: NetName=+3v3 Pin=R12-2
Added Pin To Net: NetName=+3v3 Pin=R13-1
Added Pin To Net: NetName=+3v3 Pin=R15-2
Added Pin To Net: NetName=+3v3 Pin=R17-2
Added Pin To Net: NetName=+3v3 Pin=R19-1
Added Pin To Net: NetName=+3v3 Pin=R20-1
Added Pin To Net: NetName=NetQ1_3 Pin=R23-1
Added Pin To Net: NetName=+3v3 Pin=U2-4
Change Net Name : Old Net Name=NetA1_3 New Net Name=NetMD1_3
Change Net Name : Old Net Name=NetA1_25 New Net Name=NetMD1_25
Change Net Name : Old Net Name=NetA1_36 New Net Name=NetMD1_36
Change Net Name : Old Net Name=NetA1_37 New Net Name=NetMD1_37
Added Pin To Net: NetName=NetC7_2 Pin=C7-2
Added Pin To Net: NetName=NetC7_2 Pin=U1-6
Added Net: Name=NetC7_2
Added Pin To Net: NetName=NetD3_1 Pin=D3-1
Added Pin To Net: NetName=NetD3_1 Pin=MD1-24
Added Net: Name=NetD3_1
Added Pin To Net: NetName=NetMD1_16 Pin=MD1-16
Added Pin To Net: NetName=NetMD1_16 Pin=R23-2
Added Net: Name=NetMD1_16
Added Pin To Net: NetName=NetMD1_23 Pin=MD1-23
Added Pin To Net: NetName=NetMD1_23 Pin=R22-2
Added Net: Name=NetMD1_23
Added Pin To Net: NetName=NetMD1_29 Pin=MD1-29
Added Pin To Net: NetName=NetMD1_29 Pin=R20-2
Added Pin To Net: NetName=NetMD1_29 Pin=U3-21
Added Net: Name=NetMD1_29
Added Pin To Net: NetName=NetMD1_30 Pin=MD1-30
Added Pin To Net: NetName=NetMD1_30 Pin=R19-2
Added Pin To Net: NetName=NetMD1_30 Pin=U3-7
Added Net: Name=NetMD1_30
Added Pin To Net: NetName=NetMD1_34 Pin=MD1-34
Added Pin To Net: NetName=NetMD1_34 Pin=R1-1
Added Net: Name=NetMD1_34
Added Pin To Net: NetName=NetMD1_35 Pin=MD1-35
Added Pin To Net: NetName=NetMD1_35 Pin=R21-1
Added Net: Name=NetMD1_35
Added Pin To Net: NetName=NetR1_2 Pin=R1-2
Added Pin To Net: NetName=NetR1_2 Pin=U1-25
Added Net: Name=NetR1_2
Added Pin To Net: NetName=NetR13_2 Pin=R13-2
Added Pin To Net: NetName=NetR13_2 Pin=U3-22
Added Net: Name=NetR13_2
Added Pin To Net: NetName=NetR21_2 Pin=R21-2
Added Pin To Net: NetName=NetR21_2 Pin=U1-26
Added Net: Name=NetR21_2
Added Pin To Net: NetName=NetR22_1 Pin=R22-1
Added Pin To Net: NetName=NetR22_1 Pin=U1-23
Added Net: Name=NetR22_1
Added Member To Class: ClassName=ESP32WROVER Member=Component C11 Cap Semi
Added Member To Class: ClassName=ESP32WROVER Member=Component C12 Cap Semi
Added Member To Class: ClassName=ESP32WROVER Member=Component MD1 ESP32-WROVER-I
Added Member To Class: ClassName=ESP32WROVER Member=Component R19 Res3
Added Member To Class: ClassName=ESP32WROVER Member=Component R20 Res3
Added Member To Class: ClassName=ESP32WROVER Member=Component R21 Res3
Added Member To Class: ClassName=ESP32WROVER Member=Component R22 Res3
Added Member To Class: ClassName=ESP32WROVER Member=Component R23 Res3
